Start testing: Dec 17 10:33 AEDT
----------------------------------------------------------
1/1 Testing: testcmplx
1/1 Test: testcmplx
Command: "/home/grizzlysmit/Projects/C++/complexfmt/testcmplx" "2"
Directory: /home/grizzlysmit/Projects/C++/complexfmt
"testcmplx" start time: Dec 17 10:33 AEDT
Output:
----------------------------------------------------------
z == (3.141592654, 2.718281828) == 3.141592654 + 2.718281828i
[1m[38;2;000;128;000m[48;2;255;000;000mz [1m[38;2;000;000;255m[48;2;255;000;000m==[1m[38;2;000;128;000m[48;2;255;000;000m 3.141592654+2.718281828i [1m[38;2;000;000;255m[48;2;255;000;000m==[1m[38;2;255;255;000m[48;2;255;000;000m (3.141592654,2.718281828)[0m
z == (3.141592654+2.718281828*i) == (3.1415926536 + 2.71828182845i)
z == 03.1415926536000000624000 + 02.7182818284499998817700*i
z ==    3.14159265360000006240 +    2.71828182844999988177i
w == (    4.9800000000000004263 -     34.765000000000000568i)
w == 04.9800000000000004263300 - 034.765000000000000568430*i
w ==    4.98000000000000042633 -   34.76500000000000056843i
w == (4.980000000, -34.76500000) == 4.980000000 - 34.76500000i
w == 4.980000000-34.76500000i == (4.980000000,-34.76500000)
w == (4.980000000-34.76500000*i) == (4.98 - 34.765i)
z == (    3.1415926536000000624,     2.7182818284499998818)
[1m[38;2;000;128;000m[48;2;165;042;042mw == (4.9800000000000004263 - 34.765000000000000568i)[0m
w == (4.9800000000000004263, -34.765000000000000568)
w == #C(4.9800000000000004263, -34.765000000000000568)
[1m[38;2;000;128;000m[48;2;000;000;255mz == #C(3.1415926536000000624, 2.7182818284499998818)
[0m[1m[38;2;000;128;000m[48;2;165;042;042mw == #C(4.9800000000000004263, -34.765000000000000568)[0m
<end of output>
Test time =   0.00 sec
----------------------------------------------------------
Test Passed.
"testcmplx" end time: Dec 17 10:33 AEDT
"testcmplx" time elapsed: 00:00:00
----------------------------------------------------------

End testing: Dec 17 10:33 AEDT
